[debug] [2026-03-23T21:40:54.919Z] ----------------------------------------------------------------------
[debug] [2026-03-23T21:40:54.921Z] Command:       /Users/dougbonebrake/.nvm/versions/node/v20.20.0/bin/node /Users/dougbonebrake/.nvm/versions/node/v20.20.0/bin/firebase deploy
[debug] [2026-03-23T21:40:54.921Z] CLI Version:   15.10.0
[debug] [2026-03-23T21:40:54.921Z] Platform:      darwin
[debug] [2026-03-23T21:40:54.921Z] Node Version:  v20.20.0
[debug] [2026-03-23T21:40:54.921Z] Time:          Mon Mar 23 2026 16:40:54 GMT-0500 (Central Daylight Time)
[debug] [2026-03-23T21:40:54.921Z] ----------------------------------------------------------------------
[debug] 
[debug] [2026-03-23T21:40:54.922Z] >>> [apiv2][query] GET https://firebase-public.firebaseio.com/cli.json [none]
[debug] [2026-03-23T21:40:56.005Z] > command requires scopes: ["email","openid","https://www.googleapis.com/auth/cloudplatformprojects.readonly","https://www.googleapis.com/auth/firebase","https://www.googleapis.com/auth/cloud-platform"]
[debug] [2026-03-23T21:40:56.005Z] > authorizing via signed-in user (doug.bonebrake@thehayesco.com)
[debug] [2026-03-23T21:40:56.006Z] [iam] checking project pcrai-assayspecs for permissions ["datastore.indexes.create","datastore.indexes.delete","datastore.indexes.list","datastore.indexes.update","firebase.projects.get","firebasehosting.sites.update"]
[debug] [2026-03-23T21:40:56.006Z] Checked if tokens are valid: false, expires at: 1774045365167
[debug] [2026-03-23T21:40:56.006Z] Checked if tokens are valid: false, expires at: 1774045365167
[debug] [2026-03-23T21:40:56.006Z] > refreshing access token with scopes: []
[debug] [2026-03-23T21:40:56.007Z] >>> [apiv2][query] POST https://www.googleapis.com/oauth2/v3/token [none]
[debug] [2026-03-23T21:40:56.007Z] >>> [apiv2][body] POST https://www.googleapis.com/oauth2/v3/token [omitted]
[debug] [2026-03-23T21:40:56.101Z] <<< [apiv2][status] GET https://firebase-public.firebaseio.com/cli.json 200
[debug] [2026-03-23T21:40:56.102Z] <<< [apiv2][body] GET https://firebase-public.firebaseio.com/cli.json {"cloudBuildErrorAfter":1594252800000,"cloudBuildWarnAfter":1590019200000,"defaultNode10After":1594252800000,"minVersion":"3.0.5","node8DeploysDisabledAfter":1613390400000,"node8RuntimeDisabledAfter":1615809600000,"node8WarnAfter":1600128000000}
[debug] [2026-03-23T21:40:56.167Z] <<< [apiv2][status] POST https://www.googleapis.com/oauth2/v3/token 200
[debug] [2026-03-23T21:40:56.167Z] <<< [apiv2][body] POST https://www.googleapis.com/oauth2/v3/token [omitted]
[debug] [2026-03-23T21:40:56.179Z] >>> [apiv2][query] POST https://cloudresourcemanager.googleapis.com/v1/projects/pcrai-assayspecs:testIamPermissions [none]
[debug] [2026-03-23T21:40:56.179Z] >>> [apiv2][(partial)header] POST https://cloudresourcemanager.googleapis.com/v1/projects/pcrai-assayspecs:testIamPermissions  x-goog-user-project=pcrai-assayspecs
[debug] [2026-03-23T21:40:56.179Z] >>> [apiv2][body] POST https://cloudresourcemanager.googleapis.com/v1/projects/pcrai-assayspecs:testIamPermissions {"permissions":["datastore.indexes.create","datastore.indexes.delete","datastore.indexes.list","datastore.indexes.update","firebase.projects.get","firebasehosting.sites.update"]}
[debug] [2026-03-23T21:40:56.424Z] <<< [apiv2][status] POST https://cloudresourcemanager.googleapis.com/v1/projects/pcrai-assayspecs:testIamPermissions 403
[debug] [2026-03-23T21:40:56.424Z] <<< [apiv2][body] POST https://cloudresourcemanager.googleapis.com/v1/projects/pcrai-assayspecs:testIamPermissions {"error":{"code":403,"message":"Caller does not have required permission to use project pcrai-assayspecs. Grant the caller the roles/serviceusage.serviceUsageConsumer role, or a custom role with the serviceusage.services.use permission, by visiting https://console.developers.google.com/iam-admin/iam?project=pcrai-assayspecs and then retry. Propagation of the new permission may take a few minutes.","status":"PERMISSION_DENIED","details":[{"@type":"type.googleapis.com/google.rpc.ErrorInfo","reason":"USER_PROJECT_DENIED","domain":"googleapis.com","metadata":{"containerInfo":"pcrai-assayspecs","consoleUrl":"https://console.developers.google.com/iam-admin/iam?project=pcrai-assayspecs","service":"cloudresourcemanager.googleapis.com","consumer":"projects/pcrai-assayspecs"}},{"@type":"type.googleapis.com/google.rpc.LocalizedMessage","locale":"en-US","message":"Caller does not have required permission to use project pcrai-assayspecs. Grant the caller the roles/serviceusage.serviceUsageConsumer role, or a custom role with the serviceusage.services.use permission, by visiting https://console.developers.google.com/iam-admin/iam?project=pcrai-assayspecs and then retry. Propagation of the new permission may take a few minutes."},{"@type":"type.googleapis.com/google.rpc.Help","links":[{"description":"Google developer console IAM admin","url":"https://console.developers.google.com/iam-admin/iam?project=pcrai-assayspecs"}]}]}}
[debug] [2026-03-23T21:40:56.425Z] [iam] error while checking permissions, command may fail: Request to https://cloudresourcemanager.googleapis.com/v1/projects/pcrai-assayspecs:testIamPermissions had HTTP Error: 403, Caller does not have required permission to use project pcrai-assayspecs. Grant the caller the roles/serviceusage.serviceUsageConsumer role, or a custom role with the serviceusage.services.use permission, by visiting https://console.developers.google.com/iam-admin/iam?project=pcrai-assayspecs and then retry. Propagation of the new permission may take a few minutes.
[debug] [2026-03-23T21:40:56.425Z] Checked if tokens are valid: true, expires at: 1774305655168
[debug] [2026-03-23T21:40:56.425Z] Checked if tokens are valid: true, expires at: 1774305655168
[debug] [2026-03-23T21:40:56.425Z] >>> [apiv2][query] GET https://firebase.googleapis.com/v1beta1/projects/pcrai-assayspecs [none]
[debug] [2026-03-23T21:40:56.740Z] <<< [apiv2][status] GET https://firebase.googleapis.com/v1beta1/projects/pcrai-assayspecs 403
[debug] [2026-03-23T21:40:56.740Z] <<< [apiv2][body] GET https://firebase.googleapis.com/v1beta1/projects/pcrai-assayspecs {"error":{"code":403,"message":"The caller does not have permission","status":"PERMISSION_DENIED"}}
[debug] [2026-03-23T21:40:56.741Z] Request to https://firebase.googleapis.com/v1beta1/projects/pcrai-assayspecs had HTTP Error: 403, The caller does not have permission
[debug] [2026-03-23T21:40:56.852Z] FirebaseError: Request to https://firebase.googleapis.com/v1beta1/projects/pcrai-assayspecs had HTTP Error: 403, The caller does not have permission
    at responseToError (/Users/dougbonebrake/.nvm/versions/node/v20.20.0/lib/node_modules/firebase-tools/lib/responseToError.js:53:12)
    at RetryOperation._fn (/Users/dougbonebrake/.nvm/versions/node/v20.20.0/lib/node_modules/firebase-tools/lib/apiv2.js:333:77)
    at process.processTicksAndRejections (node:internal/process/task_queues:95:5)
[error] 
[error] Error: Failed to get Firebase project pcrai-assayspecs. Please make sure the project exists and your account has permission to access it.
